{"obj": {"type": "AssignString", "path": ["sys", "name"], "value": "Untitled"}, "version": 1}
{"obj": {"type": "AssignString", "path": ["sys", "description"], "value": ""}, "version": 2}
{"obj": {"type": "AssignString", "path": ["sys", "hostname"], "value": "cd857204be0e"}, "version": 3}
{"obj": {"type": "AddStrings", "path": ["sys", "tags"], "values": ["outputs/gilon_activity/global_attention/", "{'batch_size': 512, 'num_workers': 8}", "-1", "white_noise", "[0]", "{'task_name': 'gilon_activity', 'features_save_dir': 'gilon_chunk40_window160_72users', 'validation_cv_num': 0, 'in_channels': 14, 'num_class': 7, 'exp_subset': ['EXP01', 'EXP02', 'EXP03', 'EXP04', 'EXP05', 'EXP06', 'EXP07', 'EXP08', 'EXP09', 'EXP10', 'EXP11', 'EXP12', 'EXP13', 'EXP14', 'EXP15', 'EXP16'], 'optimizer': {'lr': 0.002}, 'scheduler': 'none', 'recurrenceplot': {'dimension': 1, 'time_delay': 20, 'threshold': 'distance', 'percentage': 10}, 'callbacks': {'monitor': 'val_loss', 'check_val_every_n_epoch': 2, 'max_epochs': 200, 'save_top_k': 1, 'monitor_mode': 'min', 'patience': 3, 'min_delta': 0.005}, 'vit_params': {'image_size': 160, 'patch_size': 16}}", "{'name': 'cross-entropy'}", "cocacola", "{'model_name': 'shufflenet', 'groups': 3, 'fc1_output': 64, 'fc2_output': 64, 'stage_out_channels': [-1, 24, 120, 240, 480]}", "none", "False", "rp", "{'checkpoint_path': 'checkpoints/2023-02-08_13:13:08/shufflenet_epoch=05.ckpt', 'limit_predict_batches': 1, 'predict_total': 10, 'dropout_rate': 0.2, 'pred_save_path': 'outputs/${task.task_name}/EXP${exp_num}/'}", "9999", "outputs/gilon_activity/classwise_attention/", "42", "lightning_model_cls_recbam", "{'project_name': 'TEAMDEMA/recbamteam', 'name': '${task.task_name}_${model.model_name}_EXP${exp_num}', 'api_key': 'eyJhcGlfYWRkcmVzcyI6Imh0dHBzOi8vYXBwLm5lcHR1bmUuYWkiLCJhcGlfdXJsIjoiaHR0cHM6Ly9hcHAubmVwdHVuZS5haSIsImFwaV9rZXkiOiJiMDFkM2MzNi1iYWFlLTQ4MTUtOGYxYS02NmIzM2NmNWNiZGEifQ=='}", "{'name': 'simam'}", "outputs/gilon_activity/EXP9999", "0.1", "0"]}, "version": 4}
{"obj": {"type": "AssignBool", "path": ["sys", "failed"], "value": false}, "version": 5}
{"obj": {"type": "ClearStringLog", "path": ["monitoring", "stdout"]}, "version": 6}
{"obj": {"type": "ClearStringLog", "path": ["monitoring", "stderr"]}, "version": 7}
{"obj": {"type": "AssignString", "path": ["source_code", "entrypoint"], "value": "main.py"}, "version": 8}
{"obj": {"type": "UploadFileSet", "path": ["source_code", "files"], "file_globs": ["/data/notebook/RECBAM/main.py"], "reset": "False"}, "version": 9}
{"obj": {"type": "ConfigFloatSeries", "path": ["monitoring", "cpu"], "min": 0.0, "max": 100.0, "unit": "%"}, "version": 10}
{"obj": {"type": "ClearFloatLog", "path": ["monitoring", "cpu"]}, "version": 11}
{"obj": {"type": "ConfigFloatSeries", "path": ["monitoring", "memory"], "min": 0.0, "max": 251.5627784729004, "unit": "GB"}, "version": 12}
{"obj": {"type": "ClearFloatLog", "path": ["monitoring", "memory"]}, "version": 13}
{"obj": {"type": "ConfigFloatSeries", "path": ["monitoring", "gpu_0"], "min": 0.0, "max": 100.0, "unit": "%"}, "version": 14}
{"obj": {"type": "ClearFloatLog", "path": ["monitoring", "gpu_0"]}, "version": 15}
{"obj": {"type": "ConfigFloatSeries", "path": ["monitoring", "gpu_1"], "min": 0.0, "max": 100.0, "unit": "%"}, "version": 16}
{"obj": {"type": "ClearFloatLog", "path": ["monitoring", "gpu_1"]}, "version": 17}
{"obj": {"type": "ConfigFloatSeries", "path": ["monitoring", "gpu_memory_0"], "min": 0.0, "max": 32.0, "unit": "GB"}, "version": 18}
{"obj": {"type": "ClearFloatLog", "path": ["monitoring", "gpu_memory_0"]}, "version": 19}
{"obj": {"type": "ConfigFloatSeries", "path": ["monitoring", "gpu_memory_1"], "min": 0.0, "max": 32.0, "unit": "GB"}, "version": 20}
{"obj": {"type": "ClearFloatLog", "path": ["monitoring", "gpu_memory_1"]}, "version": 21}
{"obj": {"type": "LogFloats", "path": ["monitoring", "memory"], "values": [{"value": 143.50290298461914, "step": null, "ts": 1678411865.8888302}]}, "version": 22}
{"obj": {"type": "LogFloats", "path": ["monitoring", "gpu_1"], "values": [{"value": 2.0, "step": null, "ts": 1678411865.8888302}]}, "version": 23}
{"obj": {"type": "LogFloats", "path": ["monitoring", "gpu_memory_0"], "values": [{"value": 0.25140380859375, "step": null, "ts": 1678411865.8888302}]}, "version": 24}
{"obj": {"type": "LogFloats", "path": ["monitoring", "gpu_memory_1"], "values": [{"value": 0.25140380859375, "step": null, "ts": 1678411865.8888302}]}, "version": 25}
{"obj": {"type": "AssignString", "path": ["source_code", "integrations", "lightning"], "value": "1.6.5"}, "version": 26}
{"obj": {"type": "AssignString", "path": ["parameters", "model", "model_name"], "value": "shufflenet"}, "version": 27}
{"obj": {"type": "AssignInt", "path": ["parameters", "model", "groups"], "value": 3}, "version": 28}
{"obj": {"type": "AssignInt", "path": ["parameters", "model", "fc1_output"], "value": 64}, "version": 29}
{"obj": {"type": "AssignInt", "path": ["parameters", "model", "fc2_output"], "value": 64}, "version": 30}
{"obj": {"type": "AssignString", "path": ["parameters", "model", "stage_out_channels"], "value": "[-1, 24, 120, 240, 480]"}, "version": 31}
{"obj": {"type": "AssignString", "path": ["parameters", "server"], "value": "cocacola"}, "version": 32}
{"obj": {"type": "AssignInt", "path": ["parameters", "experiment_num"], "value": 9999}, "version": 33}
{"obj": {"type": "AssignString", "path": ["parameters", "task"], "value": "gilon_activity"}, "version": 34}
{"obj": {"type": "AssignFloat", "path": ["parameters", "optimizer", "lr"], "value": 0.002}, "version": 35}
{"obj": {"type": "AssignInt", "path": ["parameters", "batch_size"], "value": 512}, "version": 36}
{"obj": {"type": "AssignString", "path": ["parameters", "channelattention_type"], "value": "simam"}, "version": 37}
{"obj": {"type": "AssignInt", "path": ["parameters", "cv_num"], "value": 0}, "version": 38}
{"obj": {"type": "AssignString", "path": ["parameters", "run", "lightning_model"], "value": "lightning_model_cls_recbam"}, "version": 39}
{"obj": {"type": "AssignString", "path": ["parameters", "run", "server_name"], "value": "cocacola"}, "version": 40}
{"obj": {"type": "AssignInt", "path": ["parameters", "run", "exp_num"], "value": 9999}, "version": 41}
{"obj": {"type": "AssignInt", "path": ["parameters", "run", "seed"], "value": 42}, "version": 42}
{"obj": {"type": "AssignInt", "path": ["parameters", "run", "gpu_id"], "value": 0}, "version": 43}
{"obj": {"type": "AssignBool", "path": ["parameters", "run", "fast_dev_run"], "value": false}, "version": 44}
{"obj": {"type": "AssignFloat", "path": ["parameters", "run", "limit_train_batches"], "value": 0.1}, "version": 45}
{"obj": {"type": "AssignFloat", "path": ["parameters", "run", "limit_val_batches"], "value": 0.1}, "version": 46}
{"obj": {"type": "AssignString", "path": ["parameters", "run", "image_encoding"], "value": "rp"}, "version": 47}
{"obj": {"type": "AssignBool", "path": ["parameters", "run", "remove_feature"], "value": false}, "version": 48}
{"obj": {"type": "AssignString", "path": ["parameters", "run", "remove_feature_file_name"], "value": "none"}, "version": 49}
{"obj": {"type": "AssignInt", "path": ["parameters", "run", "remove_feature_file_key"], "value": -1}, "version": 50}
{"obj": {"type": "AssignString", "path": ["parameters", "run", "remove_feature_idx_lists"], "value": "[0]"}, "version": 51}
{"obj": {"type": "AssignBool", "path": ["parameters", "run", "add_random_channel_idx"], "value": false}, "version": 52}
{"obj": {"type": "AssignString", "path": ["parameters", "run", "random_channel_type"], "value": "white_noise"}, "version": 53}
{"obj": {"type": "AssignString", "path": ["parameters", "run", "save_output_path"], "value": "outputs/gilon_activity/EXP9999"}, "version": 54}
{"obj": {"type": "AssignString", "path": ["parameters", "run", "save_classwise_attention_path"], "value": "outputs/gilon_activity/classwise_attention/"}, "version": 55}
{"obj": {"type": "AssignString", "path": ["parameters", "run", "save_global_attention_path"], "value": "outputs/gilon_activity/global_attention/"}, "version": 56}
{"obj": {"type": "LogStrings", "path": ["monitoring", "stdout"], "values": [{"value": "\u001b[94m\u001b[1mtrain Mode\u001b[0m\u001b[0m", "step": null, "ts": 1678411868.0642526}]}, "version": 57}
{"obj": {"type": "LogStrings", "path": ["monitoring", "stdout"], "values": [{"value": "\n", "step": null, "ts": 1678411868.0644226}]}, "version": 58}
{"obj": {"type": "LogStrings", "path": ["monitoring", "stderr"], "values": [{"value": "Error executing job with overrides: []\n", "step": null, "ts": 1678411868.0653236}]}, "version": 59}
{"obj": {"type": "LogStrings", "path": ["monitoring", "stderr"], "values": [{"value": "Traceback (most recent call last):\n", "step": null, "ts": 1678411868.2852662}]}, "version": 60}
{"obj": {"type": "LogStrings", "path": ["monitoring", "stderr"], "values": [{"value": "", "step": null, "ts": 1678411868.2853954}]}, "version": 61}
{"obj": {"type": "LogStrings", "path": ["monitoring", "stderr"], "values": [{"value": "  File \"/data/notebook/RECBAM/main.py\", line 76, in main\n    dm.setup(stage=\"fit\")\n", "step": null, "ts": 1678411868.28549}]}, "version": 62}
{"obj": {"type": "LogStrings", "path": ["monitoring", "stderr"], "values": [{"value": "", "step": null, "ts": 1678411868.2855568}]}, "version": 63}
{"obj": {"type": "LogStrings", "path": ["monitoring", "stderr"], "values": [{"value": "  File \"/data/notebook/RECBAM/dataset/gilon_dataset.py\", line 25, in setup\n    self.train = GilonDataset(\"train\", self.cfg)\n", "step": null, "ts": 1678411868.2856112}]}, "version": 64}
{"obj": {"type": "LogStrings", "path": ["monitoring", "stderr"], "values": [{"value": "", "step": null, "ts": 1678411868.2856638}]}, "version": 65}
{"obj": {"type": "LogStrings", "path": ["monitoring", "stderr"], "values": [{"value": "  File \"/data/notebook/RECBAM/dataset/gilon_dataset.py\", line 92, in __init__\n    self.label_df = pd.read_csv(f\"data/{cfg.task.features_save_dir}/train_label_chunk40_window160_72users.csv\")\n", "step": null, "ts": 1678411868.2857153}]}, "version": 66}
{"obj": {"type": "LogStrings", "path": ["monitoring", "stderr"], "values": [{"value": "", "step": null, "ts": 1678411868.2857802}]}, "version": 67}
{"obj": {"type": "LogStrings", "path": ["monitoring", "stderr"], "values": [{"value": "  File \"/root/miniconda3/envs/vit/lib/python3.9/site-packages/pandas/util/_decorators.py\", line 211, in wrapper\n    return func(*args, **kwargs)\n", "step": null, "ts": 1678411868.2858498}]}, "version": 68}
{"obj": {"type": "LogStrings", "path": ["monitoring", "stderr"], "values": [{"value": "", "step": null, "ts": 1678411868.285898}]}, "version": 69}
{"obj": {"type": "LogStrings", "path": ["monitoring", "stderr"], "values": [{"value": "  File \"/root/miniconda3/envs/vit/lib/python3.9/site-packages/pandas/util/_decorators.py\", line 317, in wrapper\n    return func(*args, **kwargs)\n", "step": null, "ts": 1678411868.2859497}]}, "version": 70}
{"obj": {"type": "LogStrings", "path": ["monitoring", "stderr"], "values": [{"value": "", "step": null, "ts": 1678411868.2859974}]}, "version": 71}
{"obj": {"type": "LogStrings", "path": ["monitoring", "stderr"], "values": [{"value": "  File \"/root/miniconda3/envs/vit/lib/python3.9/site-packages/pandas/io/parsers/readers.py\", line 950, in read_csv\n    return _read(filepath_or_buffer, kwds)\n", "step": null, "ts": 1678411868.286058}]}, "version": 72}
{"obj": {"type": "LogStrings", "path": ["monitoring", "stderr"], "values": [{"value": "", "step": null, "ts": 1678411868.286106}]}, "version": 73}
{"obj": {"type": "LogStrings", "path": ["monitoring", "stderr"], "values": [{"value": "  File \"/root/miniconda3/envs/vit/lib/python3.9/site-packages/pandas/io/parsers/readers.py\", line 605, in _read\n    parser = TextFileReader(filepath_or_buffer, **kwds)\n", "step": null, "ts": 1678411868.2861602}]}, "version": 74}
{"obj": {"type": "LogStrings", "path": ["monitoring", "stderr"], "values": [{"value": "", "step": null, "ts": 1678411868.286208}]}, "version": 75}
{"obj": {"type": "LogStrings", "path": ["monitoring", "stderr"], "values": [{"value": "  File \"/root/miniconda3/envs/vit/lib/python3.9/site-packages/pandas/io/parsers/readers.py\", line 1442, in __init__\n    self._engine = self._make_engine(f, self.engine)\n", "step": null, "ts": 1678411868.2862852}]}, "version": 76}
{"obj": {"type": "LogStrings", "path": ["monitoring", "stderr"], "values": [{"value": "", "step": null, "ts": 1678411868.286335}]}, "version": 77}
{"obj": {"type": "LogStrings", "path": ["monitoring", "stderr"], "values": [{"value": "  File \"/root/miniconda3/envs/vit/lib/python3.9/site-packages/pandas/io/parsers/readers.py\", line 1729, in _make_engine\n    self.handles = get_handle(\n", "step": null, "ts": 1678411868.2863872}]}, "version": 78}
{"obj": {"type": "LogStrings", "path": ["monitoring", "stderr"], "values": [{"value": "", "step": null, "ts": 1678411868.286436}]}, "version": 79}
{"obj": {"type": "LogStrings", "path": ["monitoring", "stderr"], "values": [{"value": "  File \"/root/miniconda3/envs/vit/lib/python3.9/site-packages/pandas/io/common.py\", line 857, in get_handle\n    handle = open(\n", "step": null, "ts": 1678411868.286488}]}, "version": 80}
{"obj": {"type": "LogStrings", "path": ["monitoring", "stderr"], "values": [{"value": "", "step": null, "ts": 1678411868.2865355}]}, "version": 81}
{"obj": {"type": "LogStrings", "path": ["monitoring", "stderr"], "values": [{"value": "FileNotFoundError: [Errno 2] No such file or directory: 'data/gilon_chunk40_window160_72users/train_label_chunk40_window160_72users.csv'\n", "step": null, "ts": 1678411868.2865927}]}, "version": 82}
{"obj": {"type": "LogStrings", "path": ["monitoring", "stderr"], "values": [{"value": "", "step": null, "ts": 1678411868.2866404}]}, "version": 83}
{"obj": {"type": "LogStrings", "path": ["monitoring", "stderr"], "values": [{"value": "\nSet the environment variable HYDRA_FULL_ERROR=1 for a complete stack trace.\n", "step": null, "ts": 1678411868.286696}]}, "version": 84}
{"obj": {"type": "LogStrings", "path": ["monitoring", "stdout"], "values": [{"value": "Shutting down background jobs, please wait a moment...\n", "step": null, "ts": 1678411868.2874515}]}, "version": 85}
